Sep 22 2023 01:59:59 PM: INFO: ************Test_001_Login_Functionality************
Sep 22 2023 01:59:59 PM: INFO: ************Execute a Successful Login************
Sep 22 2023 02:00:02 PM: INFO: The email input is display correctly
Sep 22 2023 02:00:03 PM: INFO: ************Test_001_Login_Functionality is successful************
Sep 22 2023 02:00:34 PM: INFO: ************Test_001_Login_Functionality************
Sep 22 2023 02:00:34 PM: INFO: ************Execute a Successful Login************
Sep 22 2023 02:00:37 PM: INFO: The email input is display correctly
Sep 22 2023 02:00:48 PM: INFO: ************Test_001_Login_Functionality is successful************
Sep 22 2023 02:30:32 PM: INFO: ************Test_001_Login_Functionality************
Sep 22 2023 02:30:32 PM: INFO: ************Execute a Successful Login************
Sep 22 2023 02:30:35 PM: INFO: The email input is display correctly
Sep 22 2023 02:30:47 PM: INFO: ************Test_001_Login_Functionality is successful************
Sep 22 2023 02:32:39 PM: INFO: ************Test_001_Login_Functionality************
Sep 22 2023 02:32:39 PM: INFO: ************Execute a Successful Login************
Sep 22 2023 02:32:43 PM: INFO: The email input is display correctly
Sep 22 2023 02:32:54 PM: INFO: ************Test_001_Login_Functionality is successful************
Sep 22 2023 02:33:35 PM: INFO: ************Test_001_Login_Functionality************
Sep 22 2023 02:33:35 PM: INFO: ************Execute a Successful Login************
Sep 22 2023 02:33:36 PM: INFO: The email input is display correctly
Sep 22 2023 02:33:47 PM: INFO: ************Test_001_Login_Functionality is successful************
Sep 22 2023 02:47:48 PM: INFO: ************Test_001_Login_Functionality************
Sep 22 2023 02:47:48 PM: INFO: ************Execute a Successful Login************
Sep 22 2023 02:47:49 PM: INFO: The email input is display correctly
Sep 22 2023 02:48:01 PM: INFO: ************Test_001_Login_Functionality is successful************
Sep 22 2023 02:48:35 PM: INFO: ************Test_001_Login_Functionality************
Sep 22 2023 02:48:35 PM: INFO: ************Execute a Successful Login************
Sep 22 2023 02:48:36 PM: INFO: The email input is display correctly
Sep 22 2023 02:48:48 PM: INFO: ************Test_001_Login_Functionality is successful************
Sep 25 2023 09:04:18 AM: INFO: ************Test_002_Incorrect_Login_Functionality************
Sep 25 2023 09:04:18 AM: INFO: ************Test the login************
Sep 25 2023 09:04:19 AM: INFO: The email input is display correctly
Sep 25 2023 09:04:24 AM: INFO: ************Test_002_Incorrect_Login_Functionality is successful************
Sep 25 2023 11:03:07 AM: INFO: ************Test_002_Incorrect_Login_Functionality************
Sep 25 2023 11:03:07 AM: INFO: ************Test the login************
Sep 25 2023 11:03:08 AM: INFO: The email input is display correctly
Sep 25 2023 11:03:13 AM: INFO: ************Test_002_Incorrect_Login_Functionality is successful************
Sep 25 2023 03:53:41 PM: INFO: ************Test_001_Login_Functionality************
Sep 25 2023 03:53:41 PM: INFO: ************Execute a Successful Login************
Sep 25 2023 03:53:42 PM: INFO: The email input is display correctly
Sep 25 2023 03:53:54 PM: INFO: ************Test_001_Login_Functionality is successful************
Sep 25 2023 03:59:05 PM: INFO: ************Test_001_Login_Functionality************
Sep 25 2023 03:59:05 PM: INFO: ************Execute a Successful Login************
Sep 25 2023 03:59:07 PM: INFO: The email input is display correctly
Sep 25 2023 03:59:18 PM: INFO: ************Test_001_Login_Functionality is successful************
Sep 25 2023 04:14:26 PM: INFO: ************Test_001_Login_Functionality************
Sep 25 2023 04:14:26 PM: INFO: ************Execute a Successful Login************
Sep 25 2023 04:14:27 PM: INFO: The email input is display correctly
Sep 25 2023 04:14:38 PM: INFO: ************Test_001_Login_Functionality is successful************
Sep 25 2023 04:52:17 PM: INFO: ************Test_002_Incorrect_Login_Functionality************
Sep 25 2023 04:52:17 PM: INFO: ************Test the login************
Sep 25 2023 04:52:27 PM: INFO: The email input is displayed correctly
Sep 25 2023 04:52:44 PM: INFO: ************Test_002_Incorrect_Login_Functionality************
Sep 25 2023 04:52:44 PM: INFO: ************Test the login************
Sep 25 2023 04:52:54 PM: INFO: The email input is displayed correctly
Sep 25 2023 05:01:50 PM: INFO: ************Test_001_Incorrect_Login_Functionality************
Sep 25 2023 05:01:50 PM: INFO: ************Test the login************
Sep 25 2023 05:02:00 PM: INFO: The email input is displayed correctly
Sep 25 2023 05:02:17 PM: INFO: ************Test_001_Incorrect_Login_Functionality************
Sep 25 2023 05:02:17 PM: INFO: ************Test the login************
Sep 25 2023 05:02:27 PM: INFO: The email input is displayed correctly
Sep 25 2023 05:05:28 PM: INFO: ************Test_001_Incorrect_Login_Functionality************
Sep 25 2023 05:05:28 PM: INFO: ************Test the login************
Sep 25 2023 05:05:38 PM: INFO: The email input is displayed correctly
Sep 25 2023 05:05:45 PM: INFO: ************Test_001_Incorrect_Login_Functionality is successful************
Sep 25 2023 05:05:54 PM: INFO: ************Test_001_Incorrect_Login_Functionality************
Sep 25 2023 05:05:54 PM: INFO: ************Test the login************
Sep 25 2023 05:06:04 PM: INFO: The email input is displayed correctly
Sep 25 2023 05:06:11 PM: INFO: ************Test_001_Incorrect_Login_Functionality is successful************
Sep 25 2023 05:13:30 PM: INFO: ************Test_001_Incorrect_Login_Functionality************
Sep 25 2023 05:13:30 PM: INFO: ************Test the login************
Sep 25 2023 05:13:30 PM: INFO: The email input is displayed correctly
Sep 25 2023 05:13:36 PM: INFO: ************Test_001_Incorrect_Login_Functionality is successful************
Sep 25 2023 05:13:44 PM: INFO: ************Test_001_Incorrect_Login_Functionality************
Sep 25 2023 05:13:44 PM: INFO: ************Test the login************
Sep 25 2023 05:13:44 PM: INFO: The email input is displayed correctly
Sep 25 2023 05:13:50 PM: INFO: ************Test_001_Incorrect_Login_Functionality is successful************
Sep 27 2023 01:11:08 PM: INFO: ************Test_001_Incorrect_Create_User_Functionality************
Sep 27 2023 01:11:08 PM: INFO: ************Test incorrect create user************
Sep 27 2023 01:11:17 PM: INFO: ************Test_001_Incorrect_Login_Functionality is successful************
